# JRE version: Java(TM) SE Runtime Environment (8.0_45-b14) (build 1.8.0_45-b14)
# Java VM: Java HotSpot(TM) 64-Bit Server VM (25.45-b02 mixed mode linux-amd64 compressed oops)
Heap:
 PSYoungGen      total 263168K, used 27088K [0x00000000eab00000, 0x0000000100000000, 0x0000000100000000)
  eden space 177664K, 15% used [0x00000000eab00000,0x00000000ec5740a8,0x00000000f5880000)
  from space 85504K, 0% used [0x00000000f5880000,0x00000000f5880000,0x00000000fac00000)
  to   space 86016K, 0% used [0x00000000fac00000,0x00000000fac00000,0x0000000100000000)
 ParOldGen       total 204800K, used 204749K [0x00000000c0000000, 0x00000000cc800000, 0x00000000eab00000)
  object space 204800K, 99% used [0x00000000c0000000,0x00000000cc7f36c0,0x00000000cc800000)
 Metaspace       used 197862K, capacity 207496K, committed 209320K, reserved 1226752K
  class space    used 27245K, capacity 30801K, committed 31144K, reserved 1048576K
GC Heap History (10 events):
Event: 7434.242 GC heap after
Heap after GC invocations=80 (full 20):
 PSYoungGen      total 252416K, used 36225K [0x00000000eab00000, 0x00000000feb00000, 0x0000000100000000)
  eden space 185344K, 0% used [0x00000000eab00000,0x00000000eab00000,0x00000000f6000000)
  from space 67072K, 54% used [0x00000000fa980000,0x00000000fcce0710,0x00000000feb00000)
  to   space 71168K, 0% used [0x00000000f6000000,0x00000000f6000000,0x00000000fa580000)
 ParOldGen       total 204800K, used 162077K [0x00000000c0000000, 0x00000000cc800000, 0x00000000eab00000)
  object space 204800K, 79% used [0x00000000c0000000,0x00000000c9e474e8,0x00000000cc800000)
 Metaspace       used 183012K, capacity 191590K, committed 192936K, reserved 1214464K
  class space    used 25004K, capacity 28094K, committed 28584K, reserved 1048576K
}
Event: 7738.923 GC heap before
{Heap before GC invocations=81 (full 20):
 PSYoungGen      total 252416K, used 221569K [0x00000000eab00000, 0x00000000feb00000, 0x0000000100000000)
  eden space 185344K, 100% used [0x00000000eab00000,0x00000000f6000000,0x00000000f6000000)
  from space 67072K, 54% used [0x00000000fa980000,0x00000000fcce0710,0x00000000feb00000)
  to   space 71168K, 0% used [0x00000000f6000000,0x00000000f6000000,0x00000000fa580000)
 ParOldGen       total 204800K, used 162077K [0x00000000c0000000, 0x00000000cc800000, 0x00000000eab00000)
  object space 204800K, 79% used [0x00000000c0000000,0x00000000c9e474e8,0x00000000cc800000)
 Metaspace       used 189245K, capacity 198012K, committed 199080K, reserved 1218560K
  class space    used 25951K, capacity 29129K, committed 29608K, reserved 1048576K
Event: 7739.008 GC heap after
Heap after GC invocations=81 (full 20):
 PSYoungGen      total 256512K, used 57273K [0x00000000eab00000, 0x00000000ff600000, 0x0000000100000000)
  eden space 185344K, 0% used [0x00000000eab00000,0x00000000eab00000,0x00000000f6000000)
  from space 71168K, 80% used [0x00000000f6000000,0x00000000f97ee608,0x00000000fa580000)
  to   space 75776K, 0% used [0x00000000fac00000,0x00000000fac00000,0x00000000ff600000)
 ParOldGen       total 204800K, used 162085K [0x00000000c0000000, 0x00000000cc800000, 0x00000000eab00000)
  object space 204800K, 79% used [0x00000000c0000000,0x00000000c9e494e8,0x00000000cc800000)
 Metaspace       used 189245K, capacity 198012K, committed 199080K, reserved 1218560K
  class space    used 25951K, capacity 29129K, committed 29608K, reserved 1048576K
}
Event: 7740.659 GC heap before
{Heap before GC invocations=82 (full 20):
 PSYoungGen      total 256512K, used 242617K [0x00000000eab00000, 0x00000000ff600000, 0x0000000100000000)
  eden space 185344K, 100% used [0x00000000eab00000,0x00000000f6000000,0x00000000f6000000)
  from space 71168K, 80% used [0x00000000f6000000,0x00000000f97ee608,0x00000000fa580000)
  to   space 75776K, 0% used [0x00000000fac00000,0x00000000fac00000,0x00000000ff600000)
 ParOldGen       total 204800K, used 162085K [0x00000000c0000000, 0x00000000cc800000, 0x00000000eab00000)
  object space 204800K, 79% used [0x00000000c0000000,0x00000000c9e494e8,0x00000000cc800000)
 Metaspace       used 195952K, capacity 205348K, committed 206120K, reserved 1224704K
  class space    used 26929K, capacity 30361K, committed 30760K, reserved 1048576K
Event: 7740.745 GC heap after
Heap after GC invocations=82 (full 20):
 PSYoungGen      total 253440K, used 74098K [0x00000000eab00000, 0x0000000100000000, 0x0000000100000000)
  eden space 177664K, 0% used [0x00000000eab00000,0x00000000eab00000,0x00000000f5880000)
  from space 75776K, 97% used [0x00000000fac00000,0x00000000ff45cb80,0x00000000ff600000)
  to   space 85504K, 0% used [0x00000000f5880000,0x00000000f5880000,0x00000000fac00000)
 ParOldGen       total 204800K, used 162085K [0x00000000c0000000, 0x00000000cc800000, 0x00000000eab00000)
  object space 204800K, 79% used [0x00000000c0000000,0x00000000c9e494e8,0x00000000cc800000)
 Metaspace       used 195952K, capacity 205348K, committed 206120K, reserved 1224704K
  class space    used 26929K, capacity 30361K, committed 30760K, reserved 1048576K
}
Event: 7756.944 GC heap before
{Heap before GC invocations=83 (full 20):
 PSYoungGen      total 253440K, used 216215K [0x00000000eab00000, 0x0000000100000000, 0x0000000100000000)
  eden space 177664K, 79% used [0x00000000eab00000,0x00000000f35c9198,0x00000000f5880000)
  from space 75776K, 97% used [0x00000000fac00000,0x00000000ff45cb80,0x00000000ff600000)
  to   space 85504K, 0% used [0x00000000f5880000,0x00000000f5880000,0x00000000fac00000)
 ParOldGen       total 204800K, used 162085K [0x00000000c0000000, 0x00000000cc800000, 0x00000000eab00000)
  object space 204800K, 79% used [0x00000000c0000000,0x00000000c9e494e8,0x00000000cc800000)
 Metaspace       used 199219K, capacity 208672K, committed 209320K, reserved 1226752K
  class space    used 27427K, capacity 30876K, committed 31144K, reserved 1048576K
Event: 7757.017 GC heap after
Heap after GC invocations=83 (full 20):
 PSYoungGen      total 263168K, used 85493K [0x00000000eab00000, 0x0000000100000000, 0x0000000100000000)
  eden space 177664K, 0% used [0x00000000eab00000,0x00000000eab00000,0x00000000f5880000)
  from space 85504K, 99% used [0x00000000f5880000,0x00000000fabfd4f8,0x00000000fac00000)
  to   space 86016K, 0% used [0x00000000fac00000,0x00000000fac00000,0x0000000100000000)
 ParOldGen       total 204800K, used 165325K [0x00000000c0000000, 0x00000000cc800000, 0x00000000eab00000)
  object space 204800K, 80% used [0x00000000c0000000,0x00000000ca1737f8,0x00000000cc800000)
 Metaspace       used 199219K, capacity 208672K, committed 209320K, reserved 1226752K
  class space    used 27427K, capacity 30876K, committed 31144K, reserved 1048576K
}
Event: 7757.090 GC heap before
{Heap before GC invocations=84 (full 21):
 PSYoungGen      total 263168K, used 85493K [0x00000000eab00000, 0x0000000100000000, 0x0000000100000000)
  eden space 177664K, 0% used [0x00000000eab00000,0x00000000eab00000,0x00000000f5880000)
  from space 85504K, 99% used [0x00000000f5880000,0x00000000fabfd4f8,0x00000000fac00000)
  to   space 86016K, 0% used [0x00000000fac00000,0x00000000fac00000,0x0000000100000000)
 ParOldGen       total 204800K, used 165325K [0x00000000c0000000, 0x00000000cc800000, 0x00000000eab00000)
  object space 204800K, 80% used [0x00000000c0000000,0x00000000ca1737f8,0x00000000cc800000)
 Metaspace       used 199219K, capacity 208672K, committed 209320K, reserved 1226752K
  class space    used 27427K, capacity 30876K, committed 31144K, reserved 1048576K
Event: 7758.069 GC heap after
Heap after GC invocations=84 (full 21):
 PSYoungGen      total 263168K, used 24687K [0x00000000eab00000, 0x0000000100000000, 0x0000000100000000)
  eden space 177664K, 0% used [0x00000000eab00000,0x00000000eab00000,0x00000000f5880000)
  from space 85504K, 28% used [0x00000000f5880000,0x00000000f709bd40,0x00000000fac00000)
  to   space 86016K, 0% used [0x00000000fac00000,0x00000000fac00000,0x0000000100000000)
 ParOldGen       total 204800K, used 204743K [0x00000000c0000000, 0x00000000cc800000, 0x00000000eab00000)
  object space 204800K, 99% used [0x00000000c0000000,0x00000000cc7f1d58,0x00000000cc800000)
 Metaspace       used 197440K, capacity 206578K, committed 209320K, reserved 1226752K
  class space    used 27160K, capacity 30510K, committed 31144K, reserved 1048576K
}
Event: 8191.662 GC heap before
{Heap before GC invocations=85 (full 22):
 PSYoungGen      total 263168K, used 202351K [0x00000000eab00000, 0x0000000100000000, 0x0000000100000000)
  eden space 177664K, 100% used [0x00000000eab00000,0x00000000f5880000,0x00000000f5880000)
  from space 85504K, 28% used [0x00000000f5880000,0x00000000f709bd40,0x00000000fac00000)
  to   space 86016K, 0% used [0x00000000fac00000,0x00000000fac00000,0x0000000100000000)
 ParOldGen       total 204800K, used 204743K [0x00000000c0000000, 0x00000000cc800000, 0x00000000eab00000)
  object space 204800K, 99% used [0x00000000c0000000,0x00000000cc7f1d58,0x00000000cc800000)
 Metaspace       used 197862K, capacity 207496K, committed 209320K, reserved 1226752K
  class space    used 27245K, capacity 30801K, committed 31144K, reserved 1048576K

